\BOOKMARK [0][-]{part.1}{\376\377\000I\000\040\000M\000e\000t\000h\000o\000d\000s}{}% 1
\BOOKMARK [1][-]{section.1}{\376\377\000P\000o\000l\000y\000p\000h\000a\000r\000m\000a\000c\000y\000\040\000R\000i\000s\000k\000\040\000A\000s\000s\000e\000s\000s\000m\000e\000n\000t}{part.1}% 2
\BOOKMARK [2][-]{subsection.1.1}{\376\377\000P\000o\000l\000y\000p\000h\000a\000r\000m\000a\000c\000y\000\040\000R\000i\000s\000k\000\040\000I\000n\000d\000e\000x\000\040\000\050\000P\000R\000I\000\051}{section.1}% 3
\BOOKMARK [2][-]{subsection.1.2}{\376\377\000C\000o\000m\000p\000o\000n\000e\000n\000t\000\040\000M\000e\000t\000r\000i\000c\000s}{section.1}% 4
\BOOKMARK [2][-]{subsection.1.3}{\376\377\000R\000i\000s\000k\000\040\000C\000l\000a\000s\000s\000i\000f\000i\000c\000a\000t\000i\000o\000n}{section.1}% 5
\BOOKMARK [2][-]{subsection.1.4}{\376\377\000S\000e\000v\000e\000r\000i\000t\000y\000\040\000W\000e\000i\000g\000h\000t\000i\000n\000g}{section.1}% 6
\BOOKMARK [1][-]{section.2}{\376\377\000A\000l\000t\000e\000r\000n\000a\000t\000i\000v\000e\000\040\000T\000h\000e\000r\000a\000p\000y\000\040\000S\000u\000g\000g\000e\000s\000t\000i\000o\000n}{part.1}% 7
\BOOKMARK [2][-]{subsection.2.1}{\376\377\000M\000u\000l\000t\000i\000-\000O\000b\000j\000e\000c\000t\000i\000v\000e\000\040\000D\000r\000u\000g\000\040\000R\000e\000c\000o\000m\000m\000e\000n\000d\000a\000t\000i\000o\000n\000\040\000S\000y\000s\000t\000e\000m}{section.2}% 8
\BOOKMARK [2][-]{subsection.2.2}{\376\377\000T\000h\000e\000r\000a\000p\000e\000u\000t\000i\000c\000\040\000S\000i\000m\000i\000l\000a\000r\000i\000t\000y\000\040\000S\000c\000o\000r\000e}{section.2}% 9
\BOOKMARK [2][-]{subsection.2.3}{\376\377\000S\000a\000f\000e\000t\000y\000\040\000I\000m\000p\000r\000o\000v\000e\000m\000e\000n\000t\000\040\000S\000c\000o\000r\000e}{section.2}% 10
\BOOKMARK [2][-]{subsection.2.4}{\376\377\000R\000i\000s\000k\000\040\000R\000e\000d\000u\000c\000t\000i\000o\000n\000\040\000S\000c\000o\000r\000e}{section.2}% 11
\BOOKMARK [2][-]{subsection.2.5}{\376\377\000W\000e\000i\000g\000h\000t\000\040\000S\000e\000l\000e\000c\000t\000i\000o\000n\000\040\000R\000a\000t\000i\000o\000n\000a\000l\000e}{section.2}% 12
\BOOKMARK [0][-]{part.2}{\376\377\000I\000I\000\040\000R\000e\000s\000u\000l\000t\000s}{}% 13
\BOOKMARK [1][-]{section.3}{\376\377\000K\000n\000o\000w\000l\000e\000d\000g\000e\000\040\000G\000r\000a\000p\000h\000\040\000S\000t\000a\000t\000i\000s\000t\000i\000c\000s}{part.2}% 14
\BOOKMARK [1][-]{section.4}{\376\377\000D\000D\000I\000\040\000S\000e\000v\000e\000r\000i\000t\000y\000\040\000D\000i\000s\000t\000r\000i\000b\000u\000t\000i\000o\000n}{part.2}% 15
\BOOKMARK [1][-]{section.5}{\376\377\000H\000i\000g\000h\000-\000R\000i\000s\000k\000\040\000D\000r\000u\000g\000s\000\040\000b\000y\000\040\000I\000n\000t\000e\000r\000a\000c\000t\000i\000o\000n\000\040\000C\000o\000u\000n\000t}{part.2}% 16
\BOOKMARK [1][-]{section.6}{\376\377\000C\000a\000s\000e\000\040\000S\000t\000u\000d\000y\000:\000\040\000H\000i\000g\000h\000-\000R\000i\000s\000k\000\040\000C\000a\000r\000d\000i\000o\000v\000a\000s\000c\000u\000l\000a\000r\000\040\000P\000o\000l\000y\000p\000h\000a\000r\000m\000a\000c\000y}{part.2}% 17
\BOOKMARK [2][-]{subsection.6.1}{\376\377\000O\000r\000i\000g\000i\000n\000a\000l\000\040\000R\000e\000g\000i\000m\000e\000n\000\040\000A\000n\000a\000l\000y\000s\000i\000s}{section.6}% 18
\BOOKMARK [2][-]{subsection.6.2}{\376\377\000A\000l\000t\000e\000r\000n\000a\000t\000i\000v\000e\000\040\000T\000h\000e\000r\000a\000p\000y\000\040\000E\000v\000a\000l\000u\000a\000t\000i\000o\000n}{section.6}% 19
\BOOKMARK [2][-]{subsection.6.3}{\376\377\000T\000h\000e\000r\000a\000p\000e\000u\000t\000i\000c\000\040\000S\000u\000b\000s\000t\000i\000t\000u\000t\000i\000o\000n\000\040\000O\000u\000t\000c\000o\000m\000e\000s}{section.6}% 20
\BOOKMARK [1][-]{section.7}{\376\377\000F\000i\000g\000u\000r\000e\000s}{part.2}% 21
\BOOKMARK [2][-]{subsection.7.1}{\376\377\000P\000o\000l\000y\000p\000h\000a\000r\000m\000a\000c\000y\000\040\000R\000i\000s\000k\000\040\000A\000s\000s\000e\000s\000s\000m\000e\000n\000t\000\040\000V\000i\000s\000u\000a\000l\000i\000z\000a\000t\000i\000o\000n\000s}{section.7}% 22
\BOOKMARK [2][-]{subsection.7.2}{\376\377\000A\000l\000t\000e\000r\000n\000a\000t\000i\000v\000e\000\040\000T\000h\000e\000r\000a\000p\000y\000\040\000R\000e\000c\000o\000m\000m\000e\000n\000d\000a\000t\000i\000o\000n\000\040\000V\000i\000s\000u\000a\000l\000i\000z\000a\000t\000i\000o\000n\000s}{section.7}% 23
\BOOKMARK [1][-]{section.8}{\376\377\000C\000o\000n\000c\000l\000u\000s\000i\000o\000n}{part.2}% 24
